<?xml version="1.0" encoding="UTF-8"?>
<!-- Generated by org.testng.reporters.JUnitReportReporter -->
<testsuite hostname="DESKTOP-NHC1RFQ" failures="0" tests="1" name="Beauty.LaunchLorel" time="20.859" errors="0" timestamp="2024-03-06T11:46:45 IST" skipped="0">
  <testcase classname="Beauty.LaunchLorel" name="launch" time="20.859"/>
  <system-out/>
</testsuite> <!-- Beauty.LaunchLorel -->
