<?xml version="1.0" encoding="UTF-8"?>
<!-- Generated by org.testng.reporters.JUnitReportReporter -->
<testsuite hostname="DESKTOP-NHC1RFQ" failures="0" tests="1" name="Beauty.LunchSugar_Test" time="8.658" errors="0" timestamp="2024-03-08T10:48:34 IST" skipped="0">
  <testcase classname="Beauty.LunchSugar_Test" name="launch" time="8.658"/>
  <system-out/>
</testsuite> <!-- Beauty.LunchSugar_Test -->
