<?xml version="1.0" encoding="UTF-8"?>
<!-- Generated by org.testng.reporters.JUnitReportReporter -->
<testsuite hostname="DESKTOP-NHC1RFQ" failures="0" tests="1" name="ecom.LaunchBookmyshow_Test" time="32.581" errors="0" timestamp="2024-03-07T10:47:58 IST" skipped="0">
  <testcase classname="ecom.LaunchBookmyshow_Test" name="launch" time="32.581"/>
  <system-out/>
</testsuite> <!-- ecom.LaunchBookmyshow_Test -->
