<?xml version="1.0" encoding="UTF-8"?>
<!-- Generated by org.testng.reporters.JUnitReportReporter -->
<testsuite hostname="DESKTOP-NHC1RFQ" failures="0" tests="1" name="Beauty.LaunchLorel_Test" time="9.137" errors="0" timestamp="2024-03-07T12:20:18 IST" skipped="0">
  <testcase classname="Beauty.LaunchLorel_Test" name="launch" time="9.137"/>
  <system-out/>
</testsuite> <!-- Beauty.LaunchLorel_Test -->
