<?xml version="1.0" encoding="UTF-8"?>
<!-- Generated by org.testng.reporters.JUnitReportReporter -->
<testsuite hostname="DESKTOP-NHC1RFQ" failures="0" tests="1" name="food.LaunchSwiggy_Test" time="4.626" errors="0" timestamp="2024-03-07T10:47:58 IST" skipped="0">
  <testcase classname="food.LaunchSwiggy_Test" name="launch" time="4.626"/>
  <system-out/>
</testsuite> <!-- food.LaunchSwiggy_Test -->
