<?xml version="1.0" encoding="UTF-8"?>
<!-- Generated by org.testng.reporters.JUnitReportReporter -->
<testsuite hostname="DESKTOP-NHC1RFQ" failures="0" tests="1" name="Beauty.LunchSugar_Test" time="41.802" errors="0" timestamp="2024-03-07T12:20:18 IST" skipped="0">
  <testcase classname="Beauty.LunchSugar_Test" name="launch" time="41.802"/>
  <system-out/>
</testsuite> <!-- Beauty.LunchSugar_Test -->
