<?xml version="1.0" encoding="UTF-8"?>
<!-- Generated by org.testng.reporters.JUnitReportReporter -->
<testsuite hostname="DESKTOP-NHC1RFQ" failures="0" tests="1" name="ecom.LaunchDemoweb_Test" time="5.112" errors="0" timestamp="2024-03-07T10:47:58 IST" skipped="0">
  <testcase classname="ecom.LaunchDemoweb_Test" name="launch" time="5.112"/>
  <system-out/>
</testsuite> <!-- ecom.LaunchDemoweb_Test -->
