<?xml version="1.0" encoding="UTF-8"?>
<!-- Generated by org.testng.reporters.JUnitReportReporter -->
<testsuite hostname="DESKTOP-NHC1RFQ" failures="0" tests="1" name="Beauty.Launchpurplle_Test" time="36.312" errors="0" timestamp="2024-03-07T12:20:18 IST" skipped="0">
  <testcase classname="Beauty.Launchpurplle_Test" name="purplle" time="36.312"/>
  <system-out/>
</testsuite> <!-- Beauty.Launchpurplle_Test -->
